<?xml version="1.0" encoding="UTF-8"?>
<!-- Generated by org.testng.reporters.JUnitXMLReporter -->
<testsuite hostname="DESKTOP-I3BGM4H" ignored="0" name="Car Name and Price Test" tests="3" failures="0" timestamp="26 Nov 2021 16:57:02 GMT" time="52.801" errors="0">
  <testcase name="carNameAndPrice" time="16.315" classname="testcases.CarNameAndPriceTest"/>
  <testcase name="carNameAndPrice" time="16.533" classname="testcases.CarNameAndPriceTest"/>
  <testcase name="carNameAndPrice" time="16.351" classname="testcases.CarNameAndPriceTest"/>
</testsuite> <!-- Car Name and Price Test -->
